TN:
SF:src\kernel\bootstrap.ts
FNF:6
FNH:6
DA:1,196
DA:8,219
DA:37,1
DA:39,51
DA:40,84
DA:41,88
DA:42,72
DA:43,81
DA:46,49
DA:47,130
DA:49,108
DA:51,22
DA:52,190
DA:53,42
DA:54,58
DA:55,40
DA:59,20
DA:60,12
DA:61,27
DA:62,10
DA:63,78
DA:64,72
DA:65,72
DA:67,105
DA:68,101
DA:69,80
DA:71,19
DA:72,13
DA:74,101
DA:75,76
DA:76,20
DA:79,143
DA:80,108
DA:82,47
DA:83,92
DA:84,23
DA:85,13
DA:87,26
DA:88,104
DA:90,101
DA:91,60
DA:92,32
DA:93,20
DA:94,168
DA:95,2
DA:96,11
DA:97,17
DA:99,117
DA:100,46
DA:101,147
DA:102,113
DA:103,9
DA:105,53
DA:107,9
DA:109,206
DA:111,99
DA:112,72
DA:113,9
DA:115,136
DA:117,88
DA:119,139
DA:120,26
DA:121,92
DA:122,127
DA:123,46
DA:124,147
DA:125,133
DA:126,17
DA:128,97
DA:130,9
DA:132,134
DA:133,30
DA:134,60
DA:135,12
DA:137,119
DA:138,72
DA:139,9
DA:141,136
DA:143,190
DA:145,104
DA:146,88
DA:147,88
DA:148,82
DA:149,14
DA:151,157
DA:152,85
DA:153,9
DA:155,92
DA:157,28
DA:158,22
DA:159,76
DA:160,48
DA:161,9
DA:163,2
LF:94
LH:94
end_of_record
TN:
SF:src\kernel\errors.ts
FNF:6
FNH:6
DA:7,1
DA:9,67
DA:10,38
DA:11,60
DA:12,42
DA:13,45
DA:15,2
DA:20,99
DA:21,67
DA:22,64
DA:23,65
DA:25,2
DA:30,142
DA:31,43
DA:33,65
DA:34,12
DA:35,80
DA:36,220
DA:37,12
DA:39,102
DA:40,111
DA:42,2
DA:47,116
DA:48,25
DA:50,61
DA:51,188
DA:53,76
DA:54,65
DA:56,2
DA:61,136
DA:62,25
DA:64,61
DA:65,12
DA:66,66
DA:67,100
DA:68,10
DA:69,12
DA:71,96
DA:72,65
DA:74,2
DA:79,110
DA:80,17
DA:82,39
DA:83,192
DA:85,70
DA:86,49
DA:88,1
LF:47
LH:47
end_of_record
TN:
SF:src\kernel\health.ts
FNF:11
FNH:11
DA:1,48
DA:15,144
DA:16,96
DA:17,58
DA:18,62
DA:19,5
DA:34,107
DA:36,31
DA:37,118
DA:38,118
DA:39,66
DA:41,145
DA:42,132
DA:44,133
DA:45,68
DA:46,42
DA:47,50
DA:48,60
DA:49,92
DA:50,22
DA:52,23
DA:53,13
DA:55,182
DA:56,9
DA:58,145
DA:59,132
DA:61,133
DA:62,68
DA:63,42
DA:64,52
DA:65,58
DA:66,98
DA:67,22
DA:69,23
DA:70,13
DA:72,184
DA:73,9
DA:75,28
DA:76,118
DA:77,84
DA:78,70
DA:79,10
DA:82,47
DA:83,186
DA:86,18
DA:87,24
DA:88,20
DA:89,35
DA:90,10
DA:91,83
DA:92,32
DA:93,38
DA:94,34
DA:95,52
DA:96,82
DA:97,7
DA:98,9
DA:100,22
DA:101,122
DA:102,148
DA:104,32
DA:105,38
DA:106,34
DA:107,80
DA:108,78
DA:109,10
DA:110,42
DA:111,32
DA:112,38
DA:113,34
DA:114,89
DA:115,120
DA:116,14
DA:119,2
DA:121,41
DA:122,16
DA:123,6
DA:124,73
DA:125,28
DA:126,88
DA:127,5
DA:128,5
DA:130,101
DA:133,79
DA:134,99
DA:135,109
DA:136,8
DA:138,57
DA:139,39
DA:140,5
DA:142,178
DA:144,55
DA:145,37
DA:146,5
DA:148,35
LF:95
LH:95
end_of_record
TN:
SF:src\kernel\index.ts
FNF:5
FNH:5
DA:1,92
DA:2,80
DA:3,122
DA:5,76
DA:30,1
DA:32,51
DA:33,160
DA:35,110
DA:36,136
DA:37,94
DA:38,30
DA:39,80
DA:40,48
DA:41,46
DA:42,19
DA:45,50
DA:46,93
DA:49,24
DA:50,74
DA:53,28
DA:54,64
DA:55,98
DA:56,134
DA:57,128
DA:58,10
DA:60,2
DA:65,68
DA:66,66
DA:69,56
DA:70,50
DA:71,50
DA:72,54
DA:73,48
DA:74,60
DA:75,47
LF:35
LH:35
end_of_record
TN:
SF:src\kernel\registry.ts
FNF:8
FNH:8
DA:1,48
DA:3,142
DA:6,126
DA:7,126
DA:9,60
DA:10,20
DA:11,106
DA:12,88
DA:13,4
DA:14,69
DA:15,129
DA:16,48
DA:17,68
DA:18,102
DA:19,10
DA:20,5
DA:22,129
DA:23,48
DA:24,68
DA:25,102
DA:26,10
DA:27,3
DA:28,6
DA:43,1
DA:45,49
DA:46,98
DA:47,114
DA:48,108
DA:49,14
DA:51,106
DA:52,106
DA:55,39
DA:56,71
DA:59,39
DA:60,71
DA:63,34
DA:64,141
DA:67,46
DA:68,113
DA:71,46
DA:72,112
DA:74,2
DA:79,63
DA:80,61
LF:44
LH:44
end_of_record
TN:
SF:src\kernel\state.ts
FNF:10
FNH:9
DA:1,48
DA:14,185
DA:19,39
DA:20,34
DA:21,36
DA:22,24
DA:23,62
DA:24,80
DA:25,79
DA:27,38
DA:28,42
DA:29,62
DA:30,76
DA:31,94
DA:32,94
DA:34,70
DA:37,12
DA:38,40
DA:39,58
DA:40,58
DA:41,10
DA:42,116
DA:43,152
DA:44,152
DA:47,49
DA:48,77
DA:49,62
DA:51,17
DA:52,9
DA:54,60
DA:57,30
DA:58,134
DA:59,56
DA:62,31
DA:63,67
DA:66,46
DA:67,95
DA:70,46
DA:71,95
DA:74,27
DA:75,28
DA:76,48
DA:77,44
DA:78,124
DA:79,146
DA:80,146
DA:81,58
DA:82,9
DA:85,42
DA:86,103
DA:88,2
LF:51
LH:51
end_of_record
TN:
SF:src\kernel\strict-mode.ts
FNF:4
FNH:4
DA:1,24
DA:3,60
DA:7,32
DA:8,10
DA:9,52
DA:10,2
DA:11,10
DA:24,23
DA:25,55
DA:27,12
DA:28,38
DA:29,48
DA:30,2
DA:36,6
DA:37,10
DA:38,23
DA:39,3
DA:40,51
DA:42,16
DA:43,26
DA:44,49
DA:50,6
DA:51,29
DA:52,9
DA:53,3
DA:54,73
DA:55,71
DA:56,1
LF:28
LH:28
end_of_record
TN:
SF:src\kernel\types.ts
FNF:1
FNH:1
DA:4,30
DA:5,18
DA:6,12
DA:7,11
DA:8,11
DA:9,13
DA:10,12
DA:11,6
DA:12,2
DA:17,86
DA:22,67
LF:11
LH:11
end_of_record
TN:
SF:tests\kernel\bootstrap.test.ts
FNF:28
FNH:28
DA:1,50
DA:3,148
DA:9,61
DA:10,55
DA:11,63
DA:12,53
DA:13,60
DA:15,1
DA:16,11
DA:17,13
DA:18,3
DA:19,9
DA:20,19
DA:21,19
DA:22,47
DA:24,6
DA:27,1
DA:30,35
DA:31,88
DA:32,102
DA:33,45
DA:34,15
DA:35,20
DA:36,70
DA:37,8
DA:38,29
DA:39,38
DA:40,7
DA:42,85
DA:43,4
DA:45,57
DA:46,102
DA:47,45
DA:48,15
DA:49,20
DA:50,70
DA:51,8
DA:52,29
DA:53,38
DA:54,7
DA:56,69
DA:58,41
DA:59,48
DA:60,71
DA:61,73
DA:62,4
DA:64,79
DA:65,102
DA:66,28
DA:68,45
DA:69,15
DA:70,20
DA:71,30
DA:72,45
DA:73,30
DA:74,42
DA:76,34
DA:77,2
DA:78,10
DA:79,24
DA:80,39
DA:81,30
DA:82,42
DA:84,34
DA:85,2
DA:86,7
DA:87,8
DA:88,29
DA:89,38
DA:90,7
DA:92,47
DA:94,36
DA:95,47
DA:96,48
DA:97,4
DA:99,89
DA:100,47
DA:101,34
DA:102,25
DA:103,7
DA:105,45
DA:106,15
DA:107,20
DA:108,30
DA:109,45
DA:110,34
DA:111,2
DA:112,10
DA:113,24
DA:114,39
DA:115,30
DA:116,47
DA:118,2
DA:119,7
DA:120,8
DA:121,29
DA:122,38
DA:123,7
DA:125,47
DA:127,48
DA:128,73
DA:129,4
DA:131,81
DA:132,91
DA:134,45
DA:135,15
DA:136,20
DA:137,30
DA:138,45
DA:139,30
DA:140,47
DA:142,2
DA:143,7
DA:144,8
DA:145,29
DA:146,38
DA:147,7
DA:149,82
DA:150,4
DA:152,76
DA:153,91
DA:155,45
DA:156,15
DA:157,20
DA:158,31
DA:159,40
DA:161,8
DA:162,29
DA:163,38
DA:164,7
DA:166,72
DA:167,4
DA:169,79
DA:170,91
DA:172,45
DA:173,15
DA:174,20
DA:175,64
DA:176,8
DA:177,29
DA:178,38
DA:179,7
DA:181,72
DA:182,4
DA:184,68
DA:185,91
DA:187,45
DA:188,15
DA:189,20
DA:190,30
DA:191,45
DA:192,32
DA:193,32
DA:194,32
DA:195,9
DA:196,2
DA:197,7
DA:198,8
DA:199,29
DA:200,38
DA:201,7
DA:203,69
DA:204,3
DA:205,2
LF:164
LH:164
end_of_record
TN:
SF:tests\kernel\errors.test.ts
FNF:5
FNH:5
DA:1,50
DA:3,179
DA:12,33
DA:13,59
DA:14,73
DA:15,85
DA:17,49
DA:18,49
DA:19,55
DA:20,53
DA:21,4
DA:23,61
DA:24,67
DA:26,68
DA:27,58
DA:28,53
DA:29,4
DA:31,81
DA:32,83
DA:33,92
DA:35,49
DA:36,65
DA:37,48
DA:38,63
DA:39,4
DA:41,61
DA:42,22
DA:43,26
DA:44,44
DA:45,23
DA:46,11
DA:47,38
DA:48,25
DA:49,30
DA:50,26
DA:51,7
DA:52,5
DA:53,6
DA:55,47
DA:57,58
DA:58,39
DA:59,3
DA:60,2
LF:43
LH:43
end_of_record
TN:
SF:tests\kernel\health.test.ts
FNF:15
FNH:15
DA:1,50
DA:3,55
DA:4,63
DA:5,45
DA:7,32
DA:8,85
DA:9,47
DA:10,34
DA:11,25
DA:12,7
DA:14,46
DA:15,41
DA:16,31
DA:17,93
DA:18,92
DA:19,9
DA:20,26
DA:21,23
DA:22,7
DA:24,42
DA:25,43
DA:26,9
DA:27,36
DA:28,23
DA:29,26
DA:30,24
DA:31,8
DA:32,9
DA:33,30
DA:34,24
DA:35,26
DA:36,24
DA:37,5
DA:38,6
DA:39,4
DA:41,73
DA:42,91
DA:43,46
DA:45,41
DA:46,28
DA:47,41
DA:48,23
DA:49,7
DA:51,44
DA:52,57
DA:53,4
DA:55,70
DA:56,47
DA:57,34
DA:58,25
DA:59,7
DA:60,46
DA:62,41
DA:63,31
DA:64,90
DA:65,9
DA:66,26
DA:67,32
DA:68,7
DA:70,43
DA:71,58
DA:72,4
DA:74,81
DA:75,91
DA:76,46
DA:78,41
DA:79,31
DA:80,11
DA:81,26
DA:82,47
DA:83,33
DA:84,48
DA:86,10
DA:87,7
DA:88,9
DA:89,26
DA:90,23
DA:91,7
DA:93,44
DA:94,71
DA:95,4
DA:97,69
DA:98,91
DA:99,46
DA:101,41
DA:102,84
DA:103,26
DA:104,23
DA:105,7
DA:107,42
DA:108,76
DA:109,3
DA:110,2
LF:93
LH:93
end_of_record
TN:
SF:tests\kernel\helpers.ts
FNF:4
FNH:4
DA:15,6
DA:16,6
DA:17,14
DA:18,3
DA:19,12
DA:20,9
DA:21,57
DA:22,34
DA:23,2
DA:26,21
DA:27,21
LF:11
LH:11
end_of_record
TN:
SF:tests\kernel\index.test.ts
FNF:7
FNH:7
DA:1,50
DA:3,107
DA:10,61
DA:12,43
DA:13,69
DA:14,91
DA:16,35
DA:17,20
DA:18,70
DA:19,8
DA:20,15
DA:21,29
DA:22,38
DA:23,7
DA:25,44
DA:27,39
DA:28,46
DA:29,4
DA:31,57
DA:32,33
DA:33,20
DA:34,105
DA:35,61
DA:36,59
DA:37,56
DA:38,5
DA:39,7
DA:41,29
DA:43,39
DA:44,46
DA:46,44
DA:47,89
DA:48,42
DA:49,4
DA:51,47
DA:52,51
DA:54,41
DA:55,20
DA:56,21
DA:57,29
DA:58,38
DA:59,38
DA:60,24
DA:61,5
DA:62,3
DA:63,2
LF:46
LH:46
end_of_record
TN:
SF:tests\kernel\registry.test.ts
FNF:7
FNH:7
DA:1,50
DA:3,63
DA:5,38
DA:6,69
DA:7,44
DA:9,58
DA:10,22
DA:11,16
DA:12,15
DA:13,12
DA:14,7
DA:15,87
DA:16,53
DA:17,22
DA:18,16
DA:19,15
DA:20,15
DA:21,17
DA:22,16
DA:23,9
DA:24,5
DA:25,4
DA:27,61
DA:28,47
DA:29,34
DA:30,25
DA:31,7
DA:33,74
DA:34,68
DA:35,60
DA:36,54
DA:37,55
DA:38,59
DA:39,4
DA:41,58
DA:42,6
DA:43,6
DA:44,30
DA:45,51
DA:46,16
DA:47,1
DA:48,52
DA:49,4
DA:51,58
DA:52,6
DA:53,6
DA:54,30
DA:55,34
DA:56,36
DA:57,1
DA:58,52
DA:59,3
DA:60,2
LF:53
LH:53
end_of_record
TN:
SF:tests\kernel\state.test.ts
FNF:6
FNH:6
DA:1,50
DA:3,53
DA:4,45
DA:6,31
DA:7,45
DA:8,34
DA:10,43
DA:11,20
DA:12,21
DA:13,29
DA:14,38
DA:15,38
DA:16,24
DA:17,5
DA:18,4
DA:20,77
DA:21,34
DA:22,60
DA:24,35
DA:25,17
DA:26,45
DA:27,4
DA:28,11
DA:29,6
DA:30,31
DA:32,43
DA:33,23
DA:34,21
DA:35,44
DA:36,38
DA:37,47
DA:38,24
DA:39,5
DA:40,4
DA:42,60
DA:43,34
DA:45,37
DA:46,32
DA:48,55
DA:50,33
DA:52,53
DA:53,4
DA:55,59
DA:56,34
DA:58,35
DA:59,34
DA:61,43
DA:62,22
DA:63,21
DA:64,29
DA:65,38
DA:66,38
DA:67,21
DA:68,5
DA:69,4
DA:71,67
DA:72,34
DA:73,60
DA:75,35
DA:76,92
DA:78,75
DA:79,72
DA:80,70
DA:81,3
DA:82,2
LF:65
LH:65
end_of_record
TN:
SF:tests\kernel\strict-mode.test.ts
FNF:10
FNH:10
DA:1,50
DA:3,75
DA:4,63
DA:5,127
DA:11,39
DA:12,72
DA:13,51
DA:14,26
DA:15,18
DA:16,5
DA:17,4
DA:19,74
DA:20,73
DA:21,25
DA:22,20
DA:23,5
DA:24,4
DA:26,52
DA:27,12
DA:28,33
DA:29,26
DA:31,17
DA:32,1
DA:33,14
DA:34,4
DA:36,54
DA:37,44
DA:39,92
DA:41,48
DA:42,4
DA:44,89
DA:45,12
DA:46,37
DA:47,26
DA:48,18
DA:49,1
DA:50,46
DA:51,4
DA:53,72
DA:54,12
DA:55,37
DA:56,25
DA:57,20
DA:58,1
DA:59,18
DA:60,3
DA:61,2
LF:47
LH:47
end_of_record
